{"meta": {"format": 3, "version": "7.9.1", "timestamp": "2025-07-09T14:16:35.672663", "branch_coverage": false, "show_contexts": false}, "files": {"orchestrator/simulator_pipeline.py": {"executed_lines": [1, 11, 12, 13, 14, 16, 27, 28, 29, 30, 33, 34, 37, 38, 39, 45, 46, 47, 49, 56, 103, 105, 106, 107, 109, 110, 113, 114, 115, 118, 119, 122, 123, 124, 126, 127, 128, 129, 131, 132, 134, 137, 175, 177, 181, 185, 186, 187, 190, 191, 192, 193, 204, 225, 226, 227, 229, 231, 232, 234, 236, 238, 239, 241, 246, 247, 248, 251, 252, 254, 258, 259, 260, 265, 275, 277, 280, 373, 391, 393, 394, 397, 399, 404, 414, 415, 416, 419, 421, 422, 423, 426, 429, 430, 431, 432, 435, 436, 437, 438, 441, 444, 448, 457, 458, 459, 461, 464, 465, 550, 558, 567, 573, 575, 588, 589, 592, 593, 594, 597, 605, 606, 608, 611, 614, 615, 617, 618, 619, 620, 621, 622, 623, 626, 627, 629, 630, 631, 632, 633, 634, 635, 636, 637, 640, 641, 657, 658, 704, 734, 737, 738, 739, 743, 745, 747, 748, 764, 765, 766, 769, 773, 776, 778, 781, 800, 802, 824, 825, 829, 839, 851, 858, 859, 860, 862, 863, 864, 869, 871, 873, 875, 876, 878, 886, 895, 896, 899, 900, 905, 906, 915, 923, 928, 940, 944, 947, 948, 957, 958, 961, 962, 971, 972, 981, 983, 984, 986, 987, 988, 1001, 1007, 1010, 1036, 1043, 1045, 1214, 1215, 1216, 1229, 1347, 1348, 1398, 1399, 1445, 1446, 1452, 1455, 1458, 1470, 1486, 1487, 1490, 1491, 1492, 1494, 1495, 1496, 1499, 1502, 1503, 1506, 1507, 1508, 1509, 1510, 1511, 1514, 1515, 1518, 1520, 1521, 1522, 1525, 1527, 1529, 1530, 1531, 1534, 1535, 1536, 1538, 1539, 1540, 1553, 1555, 1556, 1558, 1559, 1561, 1562, 1563, 1565, 1567, 1568, 1571, 1573, 1574, 1575, 1576, 1590, 1594, 1596, 1599, 1601, 1605, 1643, 1646, 1648, 1649, 1650, 1652, 1653, 1655, 1656, 1657, 1658, 1660, 1664, 1667, 1668, 1766, 1767, 1773, 1774, 1777, 1778, 1789, 1794, 1795, 1900, 1982, 1983, 2091, 2092, 2098, 2101, 2102, 2109, 2115, 2119], "summary": {"covered_lines": 318, "num_statements": 726, "percent_covered": 43.80165289256198, "percent_covered_display": "44", "missing_lines": 408, "excluded_lines": 0}, "missing_lines": [178, 179, 182, 194, 195, 196, 197, 198, 200, 201, 271, 272, 300, 301, 302, 304, 305, 306, 308, 310, 311, 313, 315, 316, 321, 322, 326, 327, 329, 330, 331, 334, 335, 340, 341, 345, 346, 348, 349, 350, 353, 357, 362, 364, 365, 367, 369, 498, 507, 513, 515, 524, 525, 528, 529, 530, 533, 541, 542, 544, 547, 646, 653, 654, 662, 663, 666, 678, 679, 681, 684, 685, 686, 687, 690, 691, 693, 696, 697, 699, 700, 701, 752, 754, 755, 758, 759, 770, 771, 790, 791, 805, 807, 808, 812, 816, 924, 932, 933, 936, 1018, 1025, 1026, 1031, 1047, 1050, 1063, 1076, 1079, 1081, 1083, 1089, 1092, 1101, 1108, 1111, 1112, 1113, 1114, 1117, 1131, 1152, 1153, 1154, 1156, 1157, 1158, 1159, 1160, 1161, 1163, 1166, 1167, 1168, 1169, 1170, 1171, 1172, 1173, 1174, 1179, 1180, 1181, 1185, 1190, 1191, 1192, 1196, 1200, 1202, 1242, 1244, 1245, 1246, 1247, 1250, 1251, 1252, 1254, 1255, 1256, 1261, 1263, 1265, 1267, 1268, 1270, 1278, 1287, 1288, 1292, 1296, 1299, 1308, 1311, 1320, 1329, 1330, 1332, 1333, 1334, 1352, 1353, 1356, 1367, 1368, 1373, 1374, 1375, 1377, 1380, 1381, 1385, 1386, 1390, 1391, 1403, 1404, 1407, 1419, 1420, 1422, 1425, 1426, 1427, 1428, 1431, 1432, 1434, 1437, 1438, 1440, 1441, 1442, 1577, 1579, 1606, 1613, 1615, 1618, 1619, 1622, 1623, 1624, 1626, 1627, 1629, 1630, 1631, 1676, 1677, 1678, 1680, 1684, 1685, 1687, 1688, 1689, 1691, 1698, 1706, 1707, 1708, 1709, 1712, 1713, 1717, 1719, 1724, 1726, 1735, 1737, 1738, 1740, 1741, 1742, 1745, 1747, 1748, 1750, 1752, 1753, 1755, 1763, 1803, 1805, 1812, 1814, 1815, 1816, 1817, 1820, 1821, 1823, 1824, 1826, 1827, 1830, 1832, 1833, 1836, 1839, 1840, 1841, 1843, 1844, 1846, 1848, 1850, 1853, 1859, 1861, 1862, 1863, 1864, 1867, 1868, 1869, 1870, 1873, 1874, 1875, 1876, 1877, 1878, 1880, 1881, 1882, 1885, 1894, 1895, 1897, 1905, 1906, 1907, 1910, 1911, 1912, 1913, 1915, 1918, 1919, 1920, 1921, 1923, 1926, 1932, 1934, 1935, 1936, 1937, 1938, 1941, 1942, 1943, 1945, 1947, 1948, 1950, 1952, 1954, 1955, 1956, 1958, 1960, 1961, 1964, 1965, 1968, 1970, 1971, 1973, 1975, 1976, 1977, 1978, 1979, 1991, 1992, 1994, 1995, 1996, 1999, 2000, 2001, 2002, 2003, 2004, 2007, 2008, 2009, 2012, 2013, 2014, 2016, 2017, 2018, 2019, 2020, 2023, 2024, 2025, 2026, 2027, 2029, 2031, 2034, 2059, 2060, 2061, 2063, 2064, 2065, 2066, 2069, 2070, 2071, 2076, 2077, 2078, 2079, 2080, 2082, 2084, 2085, 2086, 2087, 2088], "excluded_lines": [], "functions": {"execute_dbt_command": {"executed_lines": [103, 105, 106, 107, 109, 110, 113, 114, 115, 118, 119, 122, 123, 124, 126, 127, 128, 129, 131, 132, 134], "summary": {"covered_lines": 21, "num_statements": 21, "percent_covered": 100.0, "percent_covered_display": "100", "missing_lines": 0, "excluded_lines": 0}, "missing_lines": [], "excluded_lines": []}, "execute_dbt_command_streaming": {"executed_lines": [175, 177, 181, 185, 186, 187, 190, 191, 192, 193], "summary": {"covered_lines": 10, "num_statements": 20, "percent_covered": 50.0, "percent_covered_display": "50", "missing_lines": 10, "excluded_lines": 0}, "missing_lines": [178, 179, 182, 194, 195, 196, 197, 198, 200, 201], "excluded_lines": []}, "clean_duckdb_data": {"executed_lines": [225, 226, 227, 229, 231, 232, 234, 236, 238, 239, 241, 246, 247, 248, 251, 252, 254, 258, 259, 260, 265, 275, 277], "summary": {"covered_lines": 23, "num_statements": 25, "percent_covered": 92.0, "percent_covered_display": "92", "missing_lines": 2, "excluded_lines": 0}, "missing_lines": [271, 272], "excluded_lines": []}, "clean_orphaned_data_outside_range": {"executed_lines": [], "summary": {"covered_lines": 0, "num_statements": 35, "percent_covered": 0.0, "percent_covered_display": "0", "missing_lines": 35, "excluded_lines": 0}, "missing_lines": [300, 301, 302, 304, 305, 306, 308, 310, 311, 313, 315, 316, 321, 322, 326, 327, 329, 330, 331, 334, 335, 340, 341, 345, 346, 348, 349, 350, 353, 357, 362, 364, 365, 367, 369], "excluded_lines": []}, "_log_hiring_calculation_debug": {"executed_lines": [391, 393, 394, 397, 399, 404, 414, 415, 416, 419, 421, 422, 423, 426, 429, 430, 431, 432, 435, 436, 437, 438, 441, 444, 448, 457, 458, 459, 461], "summary": {"covered_lines": 29, "num_statements": 29, "percent_covered": 100.0, "percent_covered_display": "100", "missing_lines": 0, "excluded_lines": 0}, "missing_lines": [], "excluded_lines": []}, "run_dbt_event_models_for_year": {"executed_lines": [], "summary": {"covered_lines": 0, "num_statements": 14, "percent_covered": 0.0, "percent_covered_display": "0", "missing_lines": 14, "excluded_lines": 0}, "missing_lines": [498, 507, 513, 515, 524, 525, 528, 529, 530, 533, 541, 542, 544, 547], "excluded_lines": []}, "_run_dbt_event_models_for_year_internal": {"executed_lines": [558, 567, 573, 575, 588, 589, 592, 593, 594, 597, 605, 606, 608, 611], "summary": {"covered_lines": 14, "num_statements": 14, "percent_covered": 100.0, "percent_covered_display": "100", "missing_lines": 0, "excluded_lines": 0}, "missing_lines": [], "excluded_lines": []}, "simulation_year_state": {"executed_lines": [], "summary": {"covered_lines": 0, "num_statements": 3, "percent_covered": 0.0, "percent_covered_display": "0", "missing_lines": 3, "excluded_lines": 0}, "missing_lines": [646, 653, 654], "excluded_lines": []}, "baseline_workforce_validated": {"executed_lines": [], "summary": {"covered_lines": 0, "num_statements": 18, "percent_covered": 0.0, "percent_covered_display": "0", "missing_lines": 18, "excluded_lines": 0}, "missing_lines": [662, 663, 666, 678, 679, 681, 684, 685, 686, 687, 690, 691, 693, 696, 697, 699, 700, 701], "excluded_lines": []}, "run_dbt_snapshot_for_year": {"executed_lines": [734, 737, 738, 739, 743, 745, 747, 748, 764, 765, 766, 769, 773, 776, 778, 781, 800, 802, 824, 825, 829], "summary": {"covered_lines": 21, "num_statements": 35, "percent_covered": 60.0, "percent_covered_display": "60", "missing_lines": 14, "excluded_lines": 0}, "missing_lines": [752, 754, 755, 758, 759, 770, 771, 790, 791, 805, 807, 808, 812, 816], "excluded_lines": []}, "run_year_simulation": {"executed_lines": [858, 859, 860, 862, 863, 864, 869, 871, 873, 875, 876, 878, 886, 895, 896, 899, 900, 905, 906, 915, 923, 928, 940, 944, 947, 948, 957, 958, 961, 962, 971, 972, 981, 983, 984, 986, 987, 988], "summary": {"covered_lines": 38, "num_statements": 42, "percent_covered": 90.47619047619048, "percent_covered_display": "90", "missing_lines": 4, "excluded_lines": 0}, "missing_lines": [924, 932, 933, 936], "excluded_lines": []}, "assert_year_complete": {"executed_lines": [1007, 1010], "summary": {"covered_lines": 2, "num_statements": 6, "percent_covered": 33.333333333333336, "percent_covered_display": "33", "missing_lines": 4, "excluded_lines": 0}, "missing_lines": [1018, 1025, 1026, 1031], "excluded_lines": []}, "validate_year_results": {"executed_lines": [1043, 1045, 1214, 1215, 1216], "summary": {"covered_lines": 5, "num_statements": 51, "percent_covered": 9.803921568627452, "percent_covered_display": "10", "missing_lines": 46, "excluded_lines": 0}, "missing_lines": [1047, 1050, 1063, 1076, 1079, 1081, 1083, 1089, 1092, 1101, 1108, 1111, 1112, 1113, 1114, 1117, 1131, 1152, 1153, 1154, 1156, 1157, 1158, 1159, 1160, 1161, 1163, 1166, 1167, 1168, 1169, 1170, 1171, 1172, 1173, 1174, 1179, 1180, 1181, 1185, 1190, 1191, 1192, 1196, 1200, 1202], "excluded_lines": []}, "run_year_simulation_for_multi_year": {"executed_lines": [], "summary": {"covered_lines": 0, "num_statements": 31, "percent_covered": 0.0, "percent_covered_display": "0", "missing_lines": 31, "excluded_lines": 0}, "missing_lines": [1242, 1244, 1245, 1246, 1247, 1250, 1251, 1252, 1254, 1255, 1256, 1261, 1263, 1265, 1267, 1268, 1270, 1278, 1287, 1288, 1292, 1296, 1299, 1308, 1311, 1320, 1329, 1330, 1332, 1333, 1334], "excluded_lines": []}, "validate_growth_rates": {"executed_lines": [], "summary": {"covered_lines": 0, "num_statements": 15, "percent_covered": 0.0, "percent_covered_display": "0", "missing_lines": 15, "excluded_lines": 0}, "missing_lines": [1352, 1353, 1356, 1367, 1368, 1373, 1374, 1375, 1377, 1380, 1381, 1385, 1386, 1390, 1391], "excluded_lines": []}, "baseline_workforce_validated_op": {"executed_lines": [], "summary": {"covered_lines": 0, "num_statements": 18, "percent_covered": 0.0, "percent_covered_display": "0", "missing_lines": 18, "excluded_lines": 0}, "missing_lines": [1403, 1404, 1407, 1419, 1420, 1422, 1425, 1426, 1427, 1428, 1431, 1432, 1434, 1437, 1438, 1440, 1441, 1442], "excluded_lines": []}, "single_year_simulation": {"executed_lines": [1452, 1455], "summary": {"covered_lines": 2, "num_statements": 2, "percent_covered": 100.0, "percent_covered_display": "100", "missing_lines": 0, "excluded_lines": 0}, "missing_lines": [], "excluded_lines": []}, "run_multi_year_simulation": {"executed_lines": [1486, 1487, 1490, 1491, 1492, 1494, 1495, 1496, 1499, 1502, 1503, 1506, 1507, 1508, 1509, 1510, 1511, 1514, 1515], "summary": {"covered_lines": 19, "num_statements": 19, "percent_covered": 100.0, "percent_covered_display": "100", "missing_lines": 0, "excluded_lines": 0}, "missing_lines": [], "excluded_lines": []}, "_create_baseline_snapshot": {"executed_lines": [1520, 1521, 1522], "summary": {"covered_lines": 3, "num_statements": 3, "percent_covered": 100.0, "percent_covered_display": "100", "missing_lines": 0, "excluded_lines": 0}, "missing_lines": [], "excluded_lines": []}, "_execute_single_year_with_recovery": {"executed_lines": [1527, 1529, 1530, 1531, 1534, 1535, 1536, 1538, 1539, 1540], "summary": {"covered_lines": 10, "num_statements": 10, "percent_covered": 100.0, "percent_covered_display": "100", "missing_lines": 0, "excluded_lines": 0}, "missing_lines": [], "excluded_lines": []}, "_log_simulation_summary": {"executed_lines": [1555, 1556, 1558, 1559, 1561, 1562, 1563, 1565, 1567, 1568], "summary": {"covered_lines": 10, "num_statements": 10, "percent_covered": 100.0, "percent_covered_display": "100", "missing_lines": 0, "excluded_lines": 0}, "missing_lines": [], "excluded_lines": []}, "load_simulation_config": {"executed_lines": [1573, 1574, 1575, 1576], "summary": {"covered_lines": 4, "num_statements": 6, "percent_covered": 66.66666666666667, "percent_covered_display": "67", "missing_lines": 2, "excluded_lines": 0}, "missing_lines": [1577, 1579], "excluded_lines": []}, "create_simulation_year_asset": {"executed_lines": [1594, 1596, 1599, 1601, 1605, 1643], "summary": {"covered_lines": 6, "num_statements": 6, "percent_covered": 100.0, "percent_covered_display": "100", "missing_lines": 0, "excluded_lines": 0}, "missing_lines": [], "excluded_lines": []}, "create_simulation_year_asset.simulation_year_asset": {"executed_lines": [], "summary": {"covered_lines": 0, "num_statements": 13, "percent_covered": 0.0, "percent_covered_display": "0", "missing_lines": 13, "excluded_lines": 0}, "missing_lines": [1606, 1613, 1615, 1618, 1619, 1622, 1623, 1624, 1626, 1627, 1629, 1630, 1631], "excluded_lines": []}, "create_simulation_assets": {"executed_lines": [1648, 1649, 1650, 1652, 1653, 1655, 1656, 1657, 1658, 1660], "summary": {"covered_lines": 10, "num_statements": 10, "percent_covered": 100.0, "percent_covered_display": "100", "missing_lines": 0, "excluded_lines": 0}, "missing_lines": [], "excluded_lines": []}, "multi_year_simulation_summary": {"executed_lines": [], "summary": {"covered_lines": 0, "num_statements": 35, "percent_covered": 0.0, "percent_covered_display": "0", "missing_lines": 35, "excluded_lines": 0}, "missing_lines": [1676, 1677, 1678, 1680, 1684, 1685, 1687, 1688, 1689, 1691, 1698, 1706, 1707, 1708, 1709, 1712, 1713, 1717, 1719, 1724, 1726, 1735, 1737, 1738, 1740, 1741, 1742, 1745, 1747, 1748, 1750, 1752, 1753, 1755, 1763], "excluded_lines": []}, "multi_year_simulation": {"executed_lines": [1773, 1774], "summary": {"covered_lines": 2, "num_statements": 2, "percent_covered": 100.0, "percent_covered_display": "100", "missing_lines": 0, "excluded_lines": 0}, "missing_lines": [], "excluded_lines": []}, "asset_based_multi_year_simulation": {"executed_lines": [1789], "summary": {"covered_lines": 1, "num_statements": 1, "percent_covered": 100.0, "percent_covered_display": "100", "missing_lines": 0, "excluded_lines": 0}, "missing_lines": [], "excluded_lines": []}, "compensation_optimization_loop": {"executed_lines": [], "summary": {"covered_lines": 0, "num_statements": 48, "percent_covered": 0.0, "percent_covered_display": "0", "missing_lines": 48, "excluded_lines": 0}, "missing_lines": [1803, 1805, 1812, 1814, 1815, 1816, 1817, 1820, 1821, 1823, 1824, 1826, 1827, 1830, 1832, 1833, 1836, 1839, 1840, 1841, 1843, 1844, 1846, 1848, 1850, 1853, 1859, 1861, 1862, 1863, 1864, 1867, 1868, 1869, 1870, 1873, 1874, 1875, 1876, 1877, 1878, 1880, 1881, 1882, 1885, 1894, 1895, 1897], "excluded_lines": []}, "adjust_parameters_for_optimization": {"executed_lines": [], "summary": {"covered_lines": 0, "num_statements": 45, "percent_covered": 0.0, "percent_covered_display": "0", "missing_lines": 45, "excluded_lines": 0}, "missing_lines": [1905, 1906, 1907, 1910, 1911, 1912, 1913, 1915, 1918, 1919, 1920, 1921, 1923, 1926, 1932, 1934, 1935, 1936, 1937, 1938, 1941, 1942, 1943, 1945, 1947, 1948, 1950, 1952, 1954, 1955, 1956, 1958, 1960, 1961, 1964, 1965, 1968, 1970, 1971, 1973, 1975, 1976, 1977, 1978, 1979], "excluded_lines": []}, "optimization_results_summary": {"executed_lines": [], "summary": {"covered_lines": 0, "num_statements": 51, "percent_covered": 0.0, "percent_covered_display": "0", "missing_lines": 51, "excluded_lines": 0}, "missing_lines": [1991, 1992, 1994, 1995, 1996, 1999, 2000, 2001, 2002, 2003, 2004, 2007, 2008, 2009, 2012, 2013, 2014, 2016, 2017, 2018, 2019, 2020, 2023, 2024, 2025, 2026, 2027, 2029, 2031, 2034, 2059, 2060, 2061, 2063, 2064, 2065, 2066, 2069, 2070, 2071, 2076, 2077, 2078, 2079, 2080, 2082, 2084, 2085, 2086, 2087, 2088], "excluded_lines": []}, "compensation_optimization_job": {"executed_lines": [2098], "summary": {"covered_lines": 1, "num_statements": 1, "percent_covered": 100.0, "percent_covered_display": "100", "missing_lines": 0, "excluded_lines": 0}, "missing_lines": [], "excluded_lines": []}, "single_optimization_iteration": {"executed_lines": [2109, 2115], "summary": {"covered_lines": 2, "num_statements": 2, "percent_covered": 100.0, "percent_covered_display": "100", "missing_lines": 0, "excluded_lines": 0}, "missing_lines": [], "excluded_lines": []}, "": {"executed_lines": [1, 11, 12, 13, 14, 16, 27, 28, 29, 30, 33, 34, 37, 38, 39, 45, 46, 47, 49, 56, 137, 204, 280, 373, 464, 465, 550, 614, 615, 617, 618, 619, 620, 621, 622, 623, 626, 627, 629, 630, 631, 632, 633, 634, 635, 636, 637, 640, 641, 657, 658, 704, 839, 851, 1001, 1036, 1229, 1347, 1348, 1398, 1399, 1445, 1446, 1458, 1470, 1518, 1525, 1553, 1571, 1590, 1646, 1664, 1667, 1668, 1766, 1767, 1777, 1778, 1794, 1795, 1900, 1982, 1983, 2091, 2092, 2101, 2102, 2119], "summary": {"covered_lines": 85, "num_statements": 85, "percent_covered": 100.0, "percent_covered_display": "100", "missing_lines": 0, "excluded_lines": 0}, "missing_lines": [], "excluded_lines": []}}, "classes": {"SimulationConfig": {"executed_lines": [], "summary": {"covered_lines": 0, "num_statements": 0, "percent_covered": 100.0, "percent_covered_display": "100", "missing_lines": 0, "excluded_lines": 0}, "missing_lines": [], "excluded_lines": []}, "YearResult": {"executed_lines": [], "summary": {"covered_lines": 0, "num_statements": 0, "percent_covered": 100.0, "percent_covered_display": "100", "missing_lines": 0, "excluded_lines": 0}, "missing_lines": [], "excluded_lines": []}, "": {"executed_lines": [1, 11, 12, 13, 14, 16, 27, 28, 29, 30, 33, 34, 37, 38, 39, 45, 46, 47, 49, 56, 103, 105, 106, 107, 109, 110, 113, 114, 115, 118, 119, 122, 123, 124, 126, 127, 128, 129, 131, 132, 134, 137, 175, 177, 181, 185, 186, 187, 190, 191, 192, 193, 204, 225, 226, 227, 229, 231, 232, 234, 236, 238, 239, 241, 246, 247, 248, 251, 252, 254, 258, 259, 260, 265, 275, 277, 280, 373, 391, 393, 394, 397, 399, 404, 414, 415, 416, 419, 421, 422, 423, 426, 429, 430, 431, 432, 435, 436, 437, 438, 441, 444, 448, 457, 458, 459, 461, 464, 465, 550, 558, 567, 573, 575, 588, 589, 592, 593, 594, 597, 605, 606, 608, 611, 614, 615, 617, 618, 619, 620, 621, 622, 623, 626, 627, 629, 630, 631, 632, 633, 634, 635, 636, 637, 640, 641, 657, 658, 704, 734, 737, 738, 739, 743, 745, 747, 748, 764, 765, 766, 769, 773, 776, 778, 781, 800, 802, 824, 825, 829, 839, 851, 858, 859, 860, 862, 863, 864, 869, 871, 873, 875, 876, 878, 886, 895, 896, 899, 900, 905, 906, 915, 923, 928, 940, 944, 947, 948, 957, 958, 961, 962, 971, 972, 981, 983, 984, 986, 987, 988, 1001, 1007, 1010, 1036, 1043, 1045, 1214, 1215, 1216, 1229, 1347, 1348, 1398, 1399, 1445, 1446, 1452, 1455, 1458, 1470, 1486, 1487, 1490, 1491, 1492, 1494, 1495, 1496, 1499, 1502, 1503, 1506, 1507, 1508, 1509, 1510, 1511, 1514, 1515, 1518, 1520, 1521, 1522, 1525, 1527, 1529, 1530, 1531, 1534, 1535, 1536, 1538, 1539, 1540, 1553, 1555, 1556, 1558, 1559, 1561, 1562, 1563, 1565, 1567, 1568, 1571, 1573, 1574, 1575, 1576, 1590, 1594, 1596, 1599, 1601, 1605, 1643, 1646, 1648, 1649, 1650, 1652, 1653, 1655, 1656, 1657, 1658, 1660, 1664, 1667, 1668, 1766, 1767, 1773, 1774, 1777, 1778, 1789, 1794, 1795, 1900, 1982, 1983, 2091, 2092, 2098, 2101, 2102, 2109, 2115, 2119], "summary": {"covered_lines": 318, "num_statements": 726, "percent_covered": 43.80165289256198, "percent_covered_display": "44", "missing_lines": 408, "excluded_lines": 0}, "missing_lines": [178, 179, 182, 194, 195, 196, 197, 198, 200, 201, 271, 272, 300, 301, 302, 304, 305, 306, 308, 310, 311, 313, 315, 316, 321, 322, 326, 327, 329, 330, 331, 334, 335, 340, 341, 345, 346, 348, 349, 350, 353, 357, 362, 364, 365, 367, 369, 498, 507, 513, 515, 524, 525, 528, 529, 530, 533, 541, 542, 544, 547, 646, 653, 654, 662, 663, 666, 678, 679, 681, 684, 685, 686, 687, 690, 691, 693, 696, 697, 699, 700, 701, 752, 754, 755, 758, 759, 770, 771, 790, 791, 805, 807, 808, 812, 816, 924, 932, 933, 936, 1018, 1025, 1026, 1031, 1047, 1050, 1063, 1076, 1079, 1081, 1083, 1089, 1092, 1101, 1108, 1111, 1112, 1113, 1114, 1117, 1131, 1152, 1153, 1154, 1156, 1157, 1158, 1159, 1160, 1161, 1163, 1166, 1167, 1168, 1169, 1170, 1171, 1172, 1173, 1174, 1179, 1180, 1181, 1185, 1190, 1191, 1192, 1196, 1200, 1202, 1242, 1244, 1245, 1246, 1247, 1250, 1251, 1252, 1254, 1255, 1256, 1261, 1263, 1265, 1267, 1268, 1270, 1278, 1287, 1288, 1292, 1296, 1299, 1308, 1311, 1320, 1329, 1330, 1332, 1333, 1334, 1352, 1353, 1356, 1367, 1368, 1373, 1374, 1375, 1377, 1380, 1381, 1385, 1386, 1390, 1391, 1403, 1404, 1407, 1419, 1420, 1422, 1425, 1426, 1427, 1428, 1431, 1432, 1434, 1437, 1438, 1440, 1441, 1442, 1577, 1579, 1606, 1613, 1615, 1618, 1619, 1622, 1623, 1624, 1626, 1627, 1629, 1630, 1631, 1676, 1677, 1678, 1680, 1684, 1685, 1687, 1688, 1689, 1691, 1698, 1706, 1707, 1708, 1709, 1712, 1713, 1717, 1719, 1724, 1726, 1735, 1737, 1738, 1740, 1741, 1742, 1745, 1747, 1748, 1750, 1752, 1753, 1755, 1763, 1803, 1805, 1812, 1814, 1815, 1816, 1817, 1820, 1821, 1823, 1824, 1826, 1827, 1830, 1832, 1833, 1836, 1839, 1840, 1841, 1843, 1844, 1846, 1848, 1850, 1853, 1859, 1861, 1862, 1863, 1864, 1867, 1868, 1869, 1870, 1873, 1874, 1875, 1876, 1877, 1878, 1880, 1881, 1882, 1885, 1894, 1895, 1897, 1905, 1906, 1907, 1910, 1911, 1912, 1913, 1915, 1918, 1919, 1920, 1921, 1923, 1926, 1932, 1934, 1935, 1936, 1937, 1938, 1941, 1942, 1943, 1945, 1947, 1948, 1950, 1952, 1954, 1955, 1956, 1958, 1960, 1961, 1964, 1965, 1968, 1970, 1971, 1973, 1975, 1976, 1977, 1978, 1979, 1991, 1992, 1994, 1995, 1996, 1999, 2000, 2001, 2002, 2003, 2004, 2007, 2008, 2009, 2012, 2013, 2014, 2016, 2017, 2018, 2019, 2020, 2023, 2024, 2025, 2026, 2027, 2029, 2031, 2034, 2059, 2060, 2061, 2063, 2064, 2065, 2066, 2069, 2070, 2071, 2076, 2077, 2078, 2079, 2080, 2082, 2084, 2085, 2086, 2087, 2088], "excluded_lines": []}}}}, "totals": {"covered_lines": 318, "num_statements": 726, "percent_covered": 43.80165289256198, "percent_covered_display": "44", "missing_lines": 408, "excluded_lines": 0}}
