{"meta": {"format": 3, "version": "7.9.1", "timestamp": "2025-07-09T15:33:21.463056", "branch_coverage": false, "show_contexts": false}, "files": {"orchestrator/simulator_pipeline.py": {"executed_lines": [1, 11, 12, 13, 14, 16, 27, 28, 29, 30, 33, 34, 37, 38, 39, 42, 44, 51, 98, 100, 101, 102, 104, 105, 108, 109, 110, 113, 114, 117, 118, 119, 121, 122, 123, 124, 126, 127, 129, 132, 170, 172, 176, 180, 181, 182, 185, 186, 187, 188, 199, 220, 221, 222, 224, 226, 227, 229, 231, 233, 234, 236, 241, 242, 243, 246, 247, 249, 253, 254, 255, 260, 270, 272, 275, 368, 386, 388, 389, 392, 394, 399, 409, 410, 411, 414, 416, 417, 418, 421, 424, 425, 426, 427, 430, 431, 432, 433, 436, 439, 443, 452, 453, 454, 456, 459, 460, 545, 553, 562, 568, 570, 583, 584, 587, 588, 589, 592, 600, 601, 603, 606, 609, 610, 612, 613, 614, 615, 616, 617, 618, 621, 622, 624, 625, 626, 627, 628, 629, 630, 631, 632, 635, 636, 652, 653, 699, 729, 732, 733, 734, 738, 740, 742, 743, 759, 760, 761, 764, 768, 771, 773, 776, 795, 797, 819, 820, 824, 834, 846, 853, 854, 855, 857, 858, 859, 864, 866, 868, 870, 871, 873, 881, 890, 891, 894, 895, 900, 901, 910, 918, 923, 935, 939, 942, 943, 952, 953, 956, 957, 966, 967, 976, 978, 979, 981, 982, 983, 996, 1002, 1005, 1031, 1038, 1040, 1209, 1210, 1211, 1224, 1342, 1343, 1393, 1394, 1440, 1441, 1447, 1450, 1453, 1465, 1497, 1498, 1501, 1502, 1503, 1505, 1506, 1507, 1510, 1513, 1514, 1517, 1518, 1519, 1520, 1521, 1522, 1525, 1526, 1529, 1531, 1532, 1533, 1536, 1538, 1540, 1541, 1542, 1545, 1546, 1547, 1549, 1550, 1551, 1564, 1566, 1567, 1569, 1570, 1572, 1573, 1574, 1576, 1578, 1579, 1582, 1584, 1585, 1586, 1587, 1601, 1605, 1607, 1610, 1612, 1616, 1654, 1657, 1659, 1660, 1661, 1663, 1664, 1666, 1667, 1668, 1669, 1671, 1675, 1678, 1679, 1777, 1778, 1784, 1785, 1788, 1789, 1800, 1805, 1806, 1911, 1993, 1994, 2102, 2103, 2109, 2112, 2113, 2120, 2126, 2130], "summary": {"covered_lines": 316, "num_statements": 724, "percent_covered": 43.646408839779006, "percent_covered_display": "44", "missing_lines": 408, "excluded_lines": 0}, "missing_lines": [173, 174, 177, 189, 190, 191, 192, 193, 195, 196, 266, 267, 295, 296, 297, 299, 300, 301, 303, 305, 306, 308, 310, 311, 316, 317, 321, 322, 324, 325, 326, 329, 330, 335, 336, 340, 341, 343, 344, 345, 348, 352, 357, 359, 360, 362, 364, 493, 502, 508, 510, 519, 520, 523, 524, 525, 528, 536, 537, 539, 542, 641, 648, 649, 657, 658, 661, 673, 674, 676, 679, 680, 681, 682, 685, 686, 688, 691, 692, 694, 695, 696, 747, 749, 750, 753, 754, 765, 766, 785, 786, 800, 802, 803, 807, 811, 919, 927, 928, 931, 1013, 1020, 1021, 1026, 1042, 1045, 1058, 1071, 1074, 1076, 1078, 1084, 1087, 1096, 1103, 1106, 1107, 1108, 1109, 1112, 1126, 1147, 1148, 1149, 1151, 1152, 1153, 1154, 1155, 1156, 1158, 1161, 1162, 1163, 1164, 1165, 1166, 1167, 1168, 1169, 1174, 1175, 1176, 1180, 1185, 1186, 1187, 1191, 1195, 1197, 1237, 1239, 1240, 1241, 1242, 1245, 1246, 1247, 1249, 1250, 1251, 1256, 1258, 1260, 1262, 1263, 1265, 1273, 1282, 1283, 1287, 1291, 1294, 1303, 1306, 1315, 1324, 1325, 1327, 1328, 1329, 1347, 1348, 1351, 1362, 1363, 1368, 1369, 1370, 1372, 1375, 1376, 1380, 1381, 1385, 1386, 1398, 1399, 1402, 1414, 1415, 1417, 1420, 1421, 1422, 1423, 1426, 1427, 1429, 1432, 1433, 1435, 1436, 1437, 1588, 1590, 1617, 1624, 1626, 1629, 1630, 1633, 1634, 1635, 1637, 1638, 1640, 1641, 1642, 1687, 1688, 1689, 1691, 1695, 1696, 1698, 1699, 1700, 1702, 1709, 1717, 1718, 1719, 1720, 1723, 1724, 1728, 1730, 1735, 1737, 1746, 1748, 1749, 1751, 1752, 1753, 1756, 1758, 1759, 1761, 1763, 1764, 1766, 1774, 1814, 1816, 1823, 1825, 1826, 1827, 1828, 1831, 1832, 1834, 1835, 1837, 1838, 1841, 1843, 1844, 1847, 1850, 1851, 1852, 1854, 1855, 1857, 1859, 1861, 1864, 1870, 1872, 1873, 1874, 1875, 1878, 1879, 1880, 1881, 1884, 1885, 1886, 1887, 1888, 1889, 1891, 1892, 1893, 1896, 1905, 1906, 1908, 1916, 1917, 1918, 1921, 1922, 1923, 1924, 1926, 1929, 1930, 1931, 1932, 1934, 1937, 1943, 1945, 1946, 1947, 1948, 1949, 1952, 1953, 1954, 1956, 1958, 1959, 1961, 1963, 1965, 1966, 1967, 1969, 1971, 1972, 1975, 1976, 1979, 1981, 1982, 1984, 1986, 1987, 1988, 1989, 1990, 2002, 2003, 2005, 2006, 2007, 2010, 2011, 2012, 2013, 2014, 2015, 2018, 2019, 2020, 2023, 2024, 2025, 2027, 2028, 2029, 2030, 2031, 2034, 2035, 2036, 2037, 2038, 2040, 2042, 2045, 2070, 2071, 2072, 2074, 2075, 2076, 2077, 2080, 2081, 2082, 2087, 2088, 2089, 2090, 2091, 2093, 2095, 2096, 2097, 2098, 2099], "excluded_lines": [], "functions": {"execute_dbt_command": {"executed_lines": [98, 100, 101, 102, 104, 105, 108, 109, 110, 113, 114, 117, 118, 119, 121, 122, 123, 124, 126, 127, 129], "summary": {"covered_lines": 21, "num_statements": 21, "percent_covered": 100.0, "percent_covered_display": "100", "missing_lines": 0, "excluded_lines": 0}, "missing_lines": [], "excluded_lines": []}, "execute_dbt_command_streaming": {"executed_lines": [170, 172, 176, 180, 181, 182, 185, 186, 187, 188], "summary": {"covered_lines": 10, "num_statements": 20, "percent_covered": 50.0, "percent_covered_display": "50", "missing_lines": 10, "excluded_lines": 0}, "missing_lines": [173, 174, 177, 189, 190, 191, 192, 193, 195, 196], "excluded_lines": []}, "clean_duckdb_data": {"executed_lines": [220, 221, 222, 224, 226, 227, 229, 231, 233, 234, 236, 241, 242, 243, 246, 247, 249, 253, 254, 255, 260, 270, 272], "summary": {"covered_lines": 23, "num_statements": 25, "percent_covered": 92.0, "percent_covered_display": "92", "missing_lines": 2, "excluded_lines": 0}, "missing_lines": [266, 267], "excluded_lines": []}, "clean_orphaned_data_outside_range": {"executed_lines": [], "summary": {"covered_lines": 0, "num_statements": 35, "percent_covered": 0.0, "percent_covered_display": "0", "missing_lines": 35, "excluded_lines": 0}, "missing_lines": [295, 296, 297, 299, 300, 301, 303, 305, 306, 308, 310, 311, 316, 317, 321, 322, 324, 325, 326, 329, 330, 335, 336, 340, 341, 343, 344, 345, 348, 352, 357, 359, 360, 362, 364], "excluded_lines": []}, "_log_hiring_calculation_debug": {"executed_lines": [386, 388, 389, 392, 394, 399, 409, 410, 411, 414, 416, 417, 418, 421, 424, 425, 426, 427, 430, 431, 432, 433, 436, 439, 443, 452, 453, 454, 456], "summary": {"covered_lines": 29, "num_statements": 29, "percent_covered": 100.0, "percent_covered_display": "100", "missing_lines": 0, "excluded_lines": 0}, "missing_lines": [], "excluded_lines": []}, "run_dbt_event_models_for_year": {"executed_lines": [], "summary": {"covered_lines": 0, "num_statements": 14, "percent_covered": 0.0, "percent_covered_display": "0", "missing_lines": 14, "excluded_lines": 0}, "missing_lines": [493, 502, 508, 510, 519, 520, 523, 524, 525, 528, 536, 537, 539, 542], "excluded_lines": []}, "_run_dbt_event_models_for_year_internal": {"executed_lines": [553, 562, 568, 570, 583, 584, 587, 588, 589, 592, 600, 601, 603, 606], "summary": {"covered_lines": 14, "num_statements": 14, "percent_covered": 100.0, "percent_covered_display": "100", "missing_lines": 0, "excluded_lines": 0}, "missing_lines": [], "excluded_lines": []}, "simulation_year_state": {"executed_lines": [], "summary": {"covered_lines": 0, "num_statements": 3, "percent_covered": 0.0, "percent_covered_display": "0", "missing_lines": 3, "excluded_lines": 0}, "missing_lines": [641, 648, 649], "excluded_lines": []}, "baseline_workforce_validated": {"executed_lines": [], "summary": {"covered_lines": 0, "num_statements": 18, "percent_covered": 0.0, "percent_covered_display": "0", "missing_lines": 18, "excluded_lines": 0}, "missing_lines": [657, 658, 661, 673, 674, 676, 679, 680, 681, 682, 685, 686, 688, 691, 692, 694, 695, 696], "excluded_lines": []}, "run_dbt_snapshot_for_year": {"executed_lines": [729, 732, 733, 734, 738, 740, 742, 743, 759, 760, 761, 764, 768, 771, 773, 776, 795, 797, 819, 820, 824], "summary": {"covered_lines": 21, "num_statements": 35, "percent_covered": 60.0, "percent_covered_display": "60", "missing_lines": 14, "excluded_lines": 0}, "missing_lines": [747, 749, 750, 753, 754, 765, 766, 785, 786, 800, 802, 803, 807, 811], "excluded_lines": []}, "run_year_simulation": {"executed_lines": [853, 854, 855, 857, 858, 859, 864, 866, 868, 870, 871, 873, 881, 890, 891, 894, 895, 900, 901, 910, 918, 923, 935, 939, 942, 943, 952, 953, 956, 957, 966, 967, 976, 978, 979, 981, 982, 983], "summary": {"covered_lines": 38, "num_statements": 42, "percent_covered": 90.47619047619048, "percent_covered_display": "90", "missing_lines": 4, "excluded_lines": 0}, "missing_lines": [919, 927, 928, 931], "excluded_lines": []}, "assert_year_complete": {"executed_lines": [1002, 1005], "summary": {"covered_lines": 2, "num_statements": 6, "percent_covered": 33.333333333333336, "percent_covered_display": "33", "missing_lines": 4, "excluded_lines": 0}, "missing_lines": [1013, 1020, 1021, 1026], "excluded_lines": []}, "validate_year_results": {"executed_lines": [1038, 1040, 1209, 1210, 1211], "summary": {"covered_lines": 5, "num_statements": 51, "percent_covered": 9.803921568627452, "percent_covered_display": "10", "missing_lines": 46, "excluded_lines": 0}, "missing_lines": [1042, 1045, 1058, 1071, 1074, 1076, 1078, 1084, 1087, 1096, 1103, 1106, 1107, 1108, 1109, 1112, 1126, 1147, 1148, 1149, 1151, 1152, 1153, 1154, 1155, 1156, 1158, 1161, 1162, 1163, 1164, 1165, 1166, 1167, 1168, 1169, 1174, 1175, 1176, 1180, 1185, 1186, 1187, 1191, 1195, 1197], "excluded_lines": []}, "run_year_simulation_for_multi_year": {"executed_lines": [], "summary": {"covered_lines": 0, "num_statements": 31, "percent_covered": 0.0, "percent_covered_display": "0", "missing_lines": 31, "excluded_lines": 0}, "missing_lines": [1237, 1239, 1240, 1241, 1242, 1245, 1246, 1247, 1249, 1250, 1251, 1256, 1258, 1260, 1262, 1263, 1265, 1273, 1282, 1283, 1287, 1291, 1294, 1303, 1306, 1315, 1324, 1325, 1327, 1328, 1329], "excluded_lines": []}, "validate_growth_rates": {"executed_lines": [], "summary": {"covered_lines": 0, "num_statements": 15, "percent_covered": 0.0, "percent_covered_display": "0", "missing_lines": 15, "excluded_lines": 0}, "missing_lines": [1347, 1348, 1351, 1362, 1363, 1368, 1369, 1370, 1372, 1375, 1376, 1380, 1381, 1385, 1386], "excluded_lines": []}, "baseline_workforce_validated_op": {"executed_lines": [], "summary": {"covered_lines": 0, "num_statements": 18, "percent_covered": 0.0, "percent_covered_display": "0", "missing_lines": 18, "excluded_lines": 0}, "missing_lines": [1398, 1399, 1402, 1414, 1415, 1417, 1420, 1421, 1422, 1423, 1426, 1427, 1429, 1432, 1433, 1435, 1436, 1437], "excluded_lines": []}, "single_year_simulation": {"executed_lines": [1447, 1450], "summary": {"covered_lines": 2, "num_statements": 2, "percent_covered": 100.0, "percent_covered_display": "100", "missing_lines": 0, "excluded_lines": 0}, "missing_lines": [], "excluded_lines": []}, "run_multi_year_simulation": {"executed_lines": [1497, 1498, 1501, 1502, 1503, 1505, 1506, 1507, 1510, 1513, 1514, 1517, 1518, 1519, 1520, 1521, 1522, 1525, 1526], "summary": {"covered_lines": 19, "num_statements": 19, "percent_covered": 100.0, "percent_covered_display": "100", "missing_lines": 0, "excluded_lines": 0}, "missing_lines": [], "excluded_lines": []}, "_create_baseline_snapshot": {"executed_lines": [1531, 1532, 1533], "summary": {"covered_lines": 3, "num_statements": 3, "percent_covered": 100.0, "percent_covered_display": "100", "missing_lines": 0, "excluded_lines": 0}, "missing_lines": [], "excluded_lines": []}, "_execute_single_year_with_recovery": {"executed_lines": [1538, 1540, 1541, 1542, 1545, 1546, 1547, 1549, 1550, 1551], "summary": {"covered_lines": 10, "num_statements": 10, "percent_covered": 100.0, "percent_covered_display": "100", "missing_lines": 0, "excluded_lines": 0}, "missing_lines": [], "excluded_lines": []}, "_log_simulation_summary": {"executed_lines": [1566, 1567, 1569, 1570, 1572, 1573, 1574, 1576, 1578, 1579], "summary": {"covered_lines": 10, "num_statements": 10, "percent_covered": 100.0, "percent_covered_display": "100", "missing_lines": 0, "excluded_lines": 0}, "missing_lines": [], "excluded_lines": []}, "load_simulation_config": {"executed_lines": [1584, 1585, 1586, 1587], "summary": {"covered_lines": 4, "num_statements": 6, "percent_covered": 66.66666666666667, "percent_covered_display": "67", "missing_lines": 2, "excluded_lines": 0}, "missing_lines": [1588, 1590], "excluded_lines": []}, "create_simulation_year_asset": {"executed_lines": [1605, 1607, 1610, 1612, 1616, 1654], "summary": {"covered_lines": 6, "num_statements": 6, "percent_covered": 100.0, "percent_covered_display": "100", "missing_lines": 0, "excluded_lines": 0}, "missing_lines": [], "excluded_lines": []}, "create_simulation_year_asset.simulation_year_asset": {"executed_lines": [], "summary": {"covered_lines": 0, "num_statements": 13, "percent_covered": 0.0, "percent_covered_display": "0", "missing_lines": 13, "excluded_lines": 0}, "missing_lines": [1617, 1624, 1626, 1629, 1630, 1633, 1634, 1635, 1637, 1638, 1640, 1641, 1642], "excluded_lines": []}, "create_simulation_assets": {"executed_lines": [1659, 1660, 1661, 1663, 1664, 1666, 1667, 1668, 1669, 1671], "summary": {"covered_lines": 10, "num_statements": 10, "percent_covered": 100.0, "percent_covered_display": "100", "missing_lines": 0, "excluded_lines": 0}, "missing_lines": [], "excluded_lines": []}, "multi_year_simulation_summary": {"executed_lines": [], "summary": {"covered_lines": 0, "num_statements": 35, "percent_covered": 0.0, "percent_covered_display": "0", "missing_lines": 35, "excluded_lines": 0}, "missing_lines": [1687, 1688, 1689, 1691, 1695, 1696, 1698, 1699, 1700, 1702, 1709, 1717, 1718, 1719, 1720, 1723, 1724, 1728, 1730, 1735, 1737, 1746, 1748, 1749, 1751, 1752, 1753, 1756, 1758, 1759, 1761, 1763, 1764, 1766, 1774], "excluded_lines": []}, "multi_year_simulation": {"executed_lines": [1784, 1785], "summary": {"covered_lines": 2, "num_statements": 2, "percent_covered": 100.0, "percent_covered_display": "100", "missing_lines": 0, "excluded_lines": 0}, "missing_lines": [], "excluded_lines": []}, "asset_based_multi_year_simulation": {"executed_lines": [1800], "summary": {"covered_lines": 1, "num_statements": 1, "percent_covered": 100.0, "percent_covered_display": "100", "missing_lines": 0, "excluded_lines": 0}, "missing_lines": [], "excluded_lines": []}, "compensation_optimization_loop": {"executed_lines": [], "summary": {"covered_lines": 0, "num_statements": 48, "percent_covered": 0.0, "percent_covered_display": "0", "missing_lines": 48, "excluded_lines": 0}, "missing_lines": [1814, 1816, 1823, 1825, 1826, 1827, 1828, 1831, 1832, 1834, 1835, 1837, 1838, 1841, 1843, 1844, 1847, 1850, 1851, 1852, 1854, 1855, 1857, 1859, 1861, 1864, 1870, 1872, 1873, 1874, 1875, 1878, 1879, 1880, 1881, 1884, 1885, 1886, 1887, 1888, 1889, 1891, 1892, 1893, 1896, 1905, 1906, 1908], "excluded_lines": []}, "adjust_parameters_for_optimization": {"executed_lines": [], "summary": {"covered_lines": 0, "num_statements": 45, "percent_covered": 0.0, "percent_covered_display": "0", "missing_lines": 45, "excluded_lines": 0}, "missing_lines": [1916, 1917, 1918, 1921, 1922, 1923, 1924, 1926, 1929, 1930, 1931, 1932, 1934, 1937, 1943, 1945, 1946, 1947, 1948, 1949, 1952, 1953, 1954, 1956, 1958, 1959, 1961, 1963, 1965, 1966, 1967, 1969, 1971, 1972, 1975, 1976, 1979, 1981, 1982, 1984, 1986, 1987, 1988, 1989, 1990], "excluded_lines": []}, "optimization_results_summary": {"executed_lines": [], "summary": {"covered_lines": 0, "num_statements": 51, "percent_covered": 0.0, "percent_covered_display": "0", "missing_lines": 51, "excluded_lines": 0}, "missing_lines": [2002, 2003, 2005, 2006, 2007, 2010, 2011, 2012, 2013, 2014, 2015, 2018, 2019, 2020, 2023, 2024, 2025, 2027, 2028, 2029, 2030, 2031, 2034, 2035, 2036, 2037, 2038, 2040, 2042, 2045, 2070, 2071, 2072, 2074, 2075, 2076, 2077, 2080, 2081, 2082, 2087, 2088, 2089, 2090, 2091, 2093, 2095, 2096, 2097, 2098, 2099], "excluded_lines": []}, "compensation_optimization_job": {"executed_lines": [2109], "summary": {"covered_lines": 1, "num_statements": 1, "percent_covered": 100.0, "percent_covered_display": "100", "missing_lines": 0, "excluded_lines": 0}, "missing_lines": [], "excluded_lines": []}, "single_optimization_iteration": {"executed_lines": [2120, 2126], "summary": {"covered_lines": 2, "num_statements": 2, "percent_covered": 100.0, "percent_covered_display": "100", "missing_lines": 0, "excluded_lines": 0}, "missing_lines": [], "excluded_lines": []}, "": {"executed_lines": [1, 11, 12, 13, 14, 16, 27, 28, 29, 30, 33, 34, 37, 38, 39, 42, 44, 51, 132, 199, 275, 368, 459, 460, 545, 609, 610, 612, 613, 614, 615, 616, 617, 618, 621, 622, 624, 625, 626, 627, 628, 629, 630, 631, 632, 635, 636, 652, 653, 699, 834, 846, 996, 1031, 1224, 1342, 1343, 1393, 1394, 1440, 1441, 1453, 1465, 1529, 1536, 1564, 1582, 1601, 1657, 1675, 1678, 1679, 1777, 1778, 1788, 1789, 1805, 1806, 1911, 1993, 1994, 2102, 2103, 2112, 2113, 2130], "summary": {"covered_lines": 83, "num_statements": 83, "percent_covered": 100.0, "percent_covered_display": "100", "missing_lines": 0, "excluded_lines": 0}, "missing_lines": [], "excluded_lines": []}}, "classes": {"SimulationConfig": {"executed_lines": [], "summary": {"covered_lines": 0, "num_statements": 0, "percent_covered": 100.0, "percent_covered_display": "100", "missing_lines": 0, "excluded_lines": 0}, "missing_lines": [], "excluded_lines": []}, "YearResult": {"executed_lines": [], "summary": {"covered_lines": 0, "num_statements": 0, "percent_covered": 100.0, "percent_covered_display": "100", "missing_lines": 0, "excluded_lines": 0}, "missing_lines": [], "excluded_lines": []}, "": {"executed_lines": [1, 11, 12, 13, 14, 16, 27, 28, 29, 30, 33, 34, 37, 38, 39, 42, 44, 51, 98, 100, 101, 102, 104, 105, 108, 109, 110, 113, 114, 117, 118, 119, 121, 122, 123, 124, 126, 127, 129, 132, 170, 172, 176, 180, 181, 182, 185, 186, 187, 188, 199, 220, 221, 222, 224, 226, 227, 229, 231, 233, 234, 236, 241, 242, 243, 246, 247, 249, 253, 254, 255, 260, 270, 272, 275, 368, 386, 388, 389, 392, 394, 399, 409, 410, 411, 414, 416, 417, 418, 421, 424, 425, 426, 427, 430, 431, 432, 433, 436, 439, 443, 452, 453, 454, 456, 459, 460, 545, 553, 562, 568, 570, 583, 584, 587, 588, 589, 592, 600, 601, 603, 606, 609, 610, 612, 613, 614, 615, 616, 617, 618, 621, 622, 624, 625, 626, 627, 628, 629, 630, 631, 632, 635, 636, 652, 653, 699, 729, 732, 733, 734, 738, 740, 742, 743, 759, 760, 761, 764, 768, 771, 773, 776, 795, 797, 819, 820, 824, 834, 846, 853, 854, 855, 857, 858, 859, 864, 866, 868, 870, 871, 873, 881, 890, 891, 894, 895, 900, 901, 910, 918, 923, 935, 939, 942, 943, 952, 953, 956, 957, 966, 967, 976, 978, 979, 981, 982, 983, 996, 1002, 1005, 1031, 1038, 1040, 1209, 1210, 1211, 1224, 1342, 1343, 1393, 1394, 1440, 1441, 1447, 1450, 1453, 1465, 1497, 1498, 1501, 1502, 1503, 1505, 1506, 1507, 1510, 1513, 1514, 1517, 1518, 1519, 1520, 1521, 1522, 1525, 1526, 1529, 1531, 1532, 1533, 1536, 1538, 1540, 1541, 1542, 1545, 1546, 1547, 1549, 1550, 1551, 1564, 1566, 1567, 1569, 1570, 1572, 1573, 1574, 1576, 1578, 1579, 1582, 1584, 1585, 1586, 1587, 1601, 1605, 1607, 1610, 1612, 1616, 1654, 1657, 1659, 1660, 1661, 1663, 1664, 1666, 1667, 1668, 1669, 1671, 1675, 1678, 1679, 1777, 1778, 1784, 1785, 1788, 1789, 1800, 1805, 1806, 1911, 1993, 1994, 2102, 2103, 2109, 2112, 2113, 2120, 2126, 2130], "summary": {"covered_lines": 316, "num_statements": 724, "percent_covered": 43.646408839779006, "percent_covered_display": "44", "missing_lines": 408, "excluded_lines": 0}, "missing_lines": [173, 174, 177, 189, 190, 191, 192, 193, 195, 196, 266, 267, 295, 296, 297, 299, 300, 301, 303, 305, 306, 308, 310, 311, 316, 317, 321, 322, 324, 325, 326, 329, 330, 335, 336, 340, 341, 343, 344, 345, 348, 352, 357, 359, 360, 362, 364, 493, 502, 508, 510, 519, 520, 523, 524, 525, 528, 536, 537, 539, 542, 641, 648, 649, 657, 658, 661, 673, 674, 676, 679, 680, 681, 682, 685, 686, 688, 691, 692, 694, 695, 696, 747, 749, 750, 753, 754, 765, 766, 785, 786, 800, 802, 803, 807, 811, 919, 927, 928, 931, 1013, 1020, 1021, 1026, 1042, 1045, 1058, 1071, 1074, 1076, 1078, 1084, 1087, 1096, 1103, 1106, 1107, 1108, 1109, 1112, 1126, 1147, 1148, 1149, 1151, 1152, 1153, 1154, 1155, 1156, 1158, 1161, 1162, 1163, 1164, 1165, 1166, 1167, 1168, 1169, 1174, 1175, 1176, 1180, 1185, 1186, 1187, 1191, 1195, 1197, 1237, 1239, 1240, 1241, 1242, 1245, 1246, 1247, 1249, 1250, 1251, 1256, 1258, 1260, 1262, 1263, 1265, 1273, 1282, 1283, 1287, 1291, 1294, 1303, 1306, 1315, 1324, 1325, 1327, 1328, 1329, 1347, 1348, 1351, 1362, 1363, 1368, 1369, 1370, 1372, 1375, 1376, 1380, 1381, 1385, 1386, 1398, 1399, 1402, 1414, 1415, 1417, 1420, 1421, 1422, 1423, 1426, 1427, 1429, 1432, 1433, 1435, 1436, 1437, 1588, 1590, 1617, 1624, 1626, 1629, 1630, 1633, 1634, 1635, 1637, 1638, 1640, 1641, 1642, 1687, 1688, 1689, 1691, 1695, 1696, 1698, 1699, 1700, 1702, 1709, 1717, 1718, 1719, 1720, 1723, 1724, 1728, 1730, 1735, 1737, 1746, 1748, 1749, 1751, 1752, 1753, 1756, 1758, 1759, 1761, 1763, 1764, 1766, 1774, 1814, 1816, 1823, 1825, 1826, 1827, 1828, 1831, 1832, 1834, 1835, 1837, 1838, 1841, 1843, 1844, 1847, 1850, 1851, 1852, 1854, 1855, 1857, 1859, 1861, 1864, 1870, 1872, 1873, 1874, 1875, 1878, 1879, 1880, 1881, 1884, 1885, 1886, 1887, 1888, 1889, 1891, 1892, 1893, 1896, 1905, 1906, 1908, 1916, 1917, 1918, 1921, 1922, 1923, 1924, 1926, 1929, 1930, 1931, 1932, 1934, 1937, 1943, 1945, 1946, 1947, 1948, 1949, 1952, 1953, 1954, 1956, 1958, 1959, 1961, 1963, 1965, 1966, 1967, 1969, 1971, 1972, 1975, 1976, 1979, 1981, 1982, 1984, 1986, 1987, 1988, 1989, 1990, 2002, 2003, 2005, 2006, 2007, 2010, 2011, 2012, 2013, 2014, 2015, 2018, 2019, 2020, 2023, 2024, 2025, 2027, 2028, 2029, 2030, 2031, 2034, 2035, 2036, 2037, 2038, 2040, 2042, 2045, 2070, 2071, 2072, 2074, 2075, 2076, 2077, 2080, 2081, 2082, 2087, 2088, 2089, 2090, 2091, 2093, 2095, 2096, 2097, 2098, 2099], "excluded_lines": []}}}}, "totals": {"covered_lines": 316, "num_statements": 724, "percent_covered": 43.646408839779006, "percent_covered_display": "44", "missing_lines": 408, "excluded_lines": 0}}
